8=FIX4.4; 35=A; 34=1; 49=MTHREE; 56=MS; 52=2024-08-06-13:39:14; 108=30; 10=0015;
8=FIX4.4; 35=A; 34=1; 49=MS; 56=MTHREE; 52=2024-08-06-13:39:14; 108=30; 10=0016;
8=FIX4.4; 35=0; 34=2; 49=MTHREE; 56=MS; 52=2024-08-06-13:39:14; 108=30; 10=0015;
8=FIX4.4; 35=0; 34=2; 49=MS; 56=MTHREE; 52=2024-08-06-13:39:14; 108=30; 10=0015;
8=FIX4.4; 35=0; 34=3; 49=MTHREE; 56=MS; 52=2024-08-06-13:39:16; 108=30; 10=0015;
8=FIX4.4; 35=0; 34=3; 49=MS; 56=MTHREE; 52=2024-08-06-13:39:16; 108=30; 10=0015;
8=FIX4.4; 35=0; 34=4; 49=MTHREE; 56=MS; 52=2024-08-06-13:39:18; 108=30; 10=0015;
8=FIX4.4; 35=0; 34=4; 49=MS; 56=MTHREE; 52=2024-08-06-13:39:18; 108=30; 10=0015;
8=FIX4.4; 35=0; 34=5; 49=MTHREE; 56=MS; 52=2024-08-06-13:39:20; 108=30; 10=0015;
8=FIX4.4; 35=0; 34=5; 49=MS; 56=MTHREE; 52=2024-08-06-13:39:20; 108=30; 10=0015;
8=FIX4.4; 35=0; 34=6; 49=MTHREE; 56=MS; 52=2024-08-06-13:39:22; 108=30; 10=0015;
8=FIX4.4; 35=0; 34=6; 49=MS; 56=MTHREE; 52=2024-08-06-13:39:22; 108=30; 10=0015;
8=FIX4.4; 35=0; 34=7; 49=MTHREE; 56=MS; 52=2024-08-06-13:39:24; 108=30; 10=0015;
8=FIX4.4; 35=0; 34=7; 49=MS; 56=MTHREE; 52=2024-08-06-13:39:24; 108=30; 10=0015;
8=FIX4.4; 35=0; 34=8; 49=MTHREE; 56=MS; 52=2024-08-06-13:39:26; 108=30; 10=0015;
8=FIX4.4; 35=0; 34=8; 49=MS; 56=MTHREE; 52=2024-08-06-13:39:26; 108=30; 10=0015;
8=FIX4.4; 35=0; 34=9; 49=MTHREE; 56=MS; 52=2024-08-06-13:39:28; 108=30; 10=0015;
8=FIX4.4; 35=0; 34=9; 49=MS; 56=MTHREE; 52=2024-08-06-13:39:28; 108=30; 10=0015;
8=FIX4.4; 35=0; 34=10; 49=MTHREE; 56=MS; 52=2024-08-06-13:39:30; 108=30; 10=0015;
8=FIX4.4; 35=0; 34=10; 49=MS; 56=MTHREE; 52=2024-08-06-13:39:30; 108=30; 10=0015;
8=FIX4.4; 35=0; 34=11; 49=MTHREE; 56=MS; 52=2024-08-06-13:39:32; 108=30; 10=0015;
8=FIX4.4; 35=0; 34=11; 49=MS; 56=MTHREE; 52=2024-08-06-13:39:32; 108=30; 10=0015;
8=FIX4.4; 35=0; 34=12; 49=MTHREE; 56=MS; 52=2024-08-06-13:39:34; 108=30; 10=0015;
8=FIX4.4; 35=0; 34=12; 49=MS; 56=MTHREE; 52=2024-08-06-13:39:34; 108=30; 10=0015;
8=FIX4.4; 35=0; 34=13; 49=MTHREE; 56=MS; 52=2024-08-06-13:39:36; 108=30; 10=0015;
8=FIX4.4; 35=0; 34=13; 49=MS; 56=MTHREE; 52=2024-08-06-13:39:36; 108=30; 10=0015;
8=FIX4.4; 35=0; 34=14; 49=MTHREE; 56=MS; 52=2024-08-06-13:39:38; 108=30; 10=0015;
8=FIX4.4; 35=0; 34=14; 49=MS; 56=MTHREE; 52=2024-08-06-13:39:38; 108=30; 10=0015;
8=FIX4.4; 35=0; 34=15; 49=MTHREE; 56=MS; 52=2024-08-06-13:39:40; 108=30; 10=0015;
8=FIX4.4; 35=0; 34=15; 49=MS; 56=MTHREE; 52=2024-08-06-13:39:40; 108=30; 10=0015;
8=FIX4.4; 35=0; 34=16; 49=MTHREE; 56=MS; 52=2024-08-06-13:39:42; 108=30; 10=0015;
8=FIX4.4; 35=0; 34=16; 49=MS; 56=MTHREE; 52=2024-08-06-13:39:42; 108=30; 10=0015;
8=FIX4.4; 35=0; 34=17; 49=MTHREE; 56=MS; 52=2024-08-06-13:39:44; 108=30; 10=0015;
8=FIX4.4; 35=0; 34=17; 49=MS; 56=MTHREE; 52=2024-08-06-13:39:44; 108=30; 10=0015;
8=FIX4.4; 35=0; 34=18; 49=MTHREE; 56=MS; 52=2024-08-06-13:39:46; 108=30; 10=0015;
8=FIX4.4; 35=0; 34=18; 49=MS; 56=MTHREE; 52=2024-08-06-13:39:46; 108=30; 10=0015;
8=FIX4.4; 35=0; 34=19; 49=MTHREE; 56=MS; 52=2024-08-06-13:39:48; 108=30; 10=0015;
8=FIX4.4; 35=0; 34=19; 49=MS; 56=MTHREE; 52=2024-08-06-13:39:48; 108=30; 10=0015;
8=FIX4.4; 35=0; 34=20; 49=MTHREE; 56=MS; 52=2024-08-06-13:39:50; 108=30; 10=0015;
8=FIX4.4; 35=0; 34=20; 49=MS; 56=MTHREE; 52=2024-08-06-13:39:50; 108=30; 10=0015;
8=FIX4.4; 35=0; 34=21; 49=MTHREE; 56=MS; 52=2024-08-06-13:39:52; 108=30; 10=0015;
8=FIX4.4; 35=0; 34=21; 49=MS; 56=MTHREE; 52=2024-08-06-13:39:52; 108=30; 10=0015;
8=FIX4.4; 35=0; 34=22; 49=MTHREE; 56=MS; 52=2024-08-06-13:39:54; 108=30; 10=0015;
8=FIX4.4; 35=0; 34=22; 49=MS; 56=MTHREE; 52=2024-08-06-13:39:54; 108=30; 10=0015;
8=FIX4.4; 35=0; 34=23; 49=MTHREE; 56=MS; 52=2024-08-06-13:39:57; 108=30; 10=0015;
8=FIX4.4; 35=0; 34=23; 49=MS; 56=MTHREE; 52=2024-08-06-13:39:57; 108=30; 10=0015;
8=FIX4.4; 35=0; 34=24; 49=MTHREE; 56=MS; 52=2024-08-06-13:39:59; 108=30; 10=0015;
8=FIX4.4; 35=0; 34=24; 49=MS; 56=MTHREE; 52=2024-08-06-13:39:59; 108=30; 10=0015;
8=FIX4.4; 35=0; 34=25; 49=MTHREE; 56=MS; 52=2024-08-06-13:40:01; 108=30; 10=0015;
8=FIX4.4; 35=0; 34=25; 49=MS; 56=MTHREE; 52=2024-08-06-13:40:01; 108=30; 10=0015;
8=FIX4.4; 35=0; 34=26; 49=MTHREE; 56=MS; 52=2024-08-06-13:40:03; 108=30; 10=0015;
8=FIX4.4; 35=0; 34=26; 49=MS; 56=MTHREE; 52=2024-08-06-13:40:03; 108=30; 10=0015;
8=FIX4.4; 35=0; 34=27; 49=MTHREE; 56=MS; 52=2024-08-06-13:40:05; 108=30; 10=0015;
8=FIX4.4; 35=0; 34=27; 49=MS; 56=MTHREE; 52=2024-08-06-13:40:05; 108=30; 10=0015;
8=FIX4.4; 35=0; 34=28; 49=MTHREE; 56=MS; 52=2024-08-06-13:40:07; 108=30; 10=0015;
8=FIX4.4; 35=0; 34=28; 49=MS; 56=MTHREE; 52=2024-08-06-13:40:07; 108=30; 10=0015;
8=FIX4.4; 35=0; 34=29; 49=MTHREE; 56=MS; 52=2024-08-06-13:40:09; 108=30; 10=0015;
8=FIX4.4; 35=0; 34=29; 49=MS; 56=MTHREE; 52=2024-08-06-13:40:09; 108=30; 10=0015;
8=FIX4.4; 35=0; 34=30; 49=MTHREE; 56=MS; 52=2024-08-06-13:40:11; 108=30; 10=0015;
8=FIX4.4; 35=0; 34=30; 49=MS; 56=MTHREE; 52=2024-08-06-13:40:11; 108=30; 10=0015;
8=FIX4.4; 35=0; 34=31; 49=MTHREE; 56=MS; 52=2024-08-06-13:40:13; 108=30; 10=0015;
8=FIX4.4; 35=0; 34=31; 49=MS; 56=MTHREE; 52=2024-08-06-13:40:13; 108=30; 10=0015;
8=FIX4.4; 35=0; 34=32; 49=MTHREE; 56=MS; 52=2024-08-06-13:40:15; 108=30; 10=0015;
8=FIX4.4; 35=0; 34=32; 49=MS; 56=MTHREE; 52=2024-08-06-13:40:15; 108=30; 10=0015;
8=FIX4.4; 35=0; 34=33; 49=MTHREE; 56=MS; 52=2024-08-06-13:40:17; 108=30; 10=0015;
8=FIX4.4; 35=0; 34=33; 49=MS; 56=MTHREE; 52=2024-08-06-13:40:17; 108=30; 10=0015;
8=FIX4.4; 35=0; 34=34; 49=MTHREE; 56=MS; 52=2024-08-06-13:40:19; 108=30; 10=0015;
8=FIX4.4; 35=0; 34=34; 49=MS; 56=MTHREE; 52=2024-08-06-13:40:19; 108=30; 10=0015;
8=FIX4.4; 35=0; 34=35; 49=MTHREE; 56=MS; 52=2024-08-06-13:40:21; 108=30; 10=0015;
8=FIX4.4; 35=0; 34=35; 49=MS; 56=MTHREE; 52=2024-08-06-13:40:21; 108=30; 10=0015;
8=FIX4.4; 35=0; 34=36; 49=MTHREE; 56=MS; 52=2024-08-06-13:40:23; 108=30; 10=0015;
8=FIX4.4; 35=0; 34=36; 49=MS; 56=MTHREE; 52=2024-08-06-13:40:23; 108=30; 10=0015;
8=FIX4.4; 35=0; 34=37; 49=MTHREE; 56=MS; 52=2024-08-06-13:40:25; 108=30; 10=0015;
8=FIX4.4; 35=0; 34=37; 49=MS; 56=MTHREE; 52=2024-08-06-13:40:25; 108=30; 10=0015;
8=FIX4.4; 35=0; 34=38; 49=MTHREE; 56=MS; 52=2024-08-06-13:40:27; 108=30; 10=0015;
8=FIX4.4; 35=0; 34=38; 49=MS; 56=MTHREE; 52=2024-08-06-13:40:27; 108=30; 10=0015;
8=FIX4.4; 35=0; 34=39; 49=MTHREE; 56=MS; 52=2024-08-06-13:40:29; 108=30; 10=0015;
8=FIX4.4; 35=0; 34=39; 49=MS; 56=MTHREE; 52=2024-08-06-13:40:29; 108=30; 10=0015;
8=FIX4.4; 35=0; 34=40; 49=MTHREE; 56=MS; 52=2024-08-06-13:40:31; 108=30; 10=0015;
8=FIX4.4; 35=0; 34=40; 49=MS; 56=MTHREE; 52=2024-08-06-13:40:31; 108=30; 10=0015;
8=FIX4.4; 35=0; 34=41; 49=MTHREE; 56=MS; 52=2024-08-06-13:40:33; 108=30; 10=0015;
8=FIX4.4; 35=0; 34=41; 49=MS; 56=MTHREE; 52=2024-08-06-13:40:33; 108=30; 10=0015;
8=FIX4.4; 35=0; 34=42; 49=MTHREE; 56=MS; 52=2024-08-06-13:40:35; 108=30; 10=0015;
8=FIX4.4; 35=0; 34=42; 49=MS; 56=MTHREE; 52=2024-08-06-13:40:35; 108=30; 10=0015;
8=FIX4.4; 35=0; 34=43; 49=MTHREE; 56=MS; 52=2024-08-06-13:40:37; 108=30; 10=0015;
8=FIX4.4; 35=0; 34=43; 49=MS; 56=MTHREE; 52=2024-08-06-13:40:37; 108=30; 10=0015;
8=FIX4.4; 35=0; 34=44; 49=MTHREE; 56=MS; 52=2024-08-06-13:40:39; 108=30; 10=0015;
8=FIX4.4; 35=0; 34=44; 49=MS; 56=MTHREE; 52=2024-08-06-13:40:39; 108=30; 10=0015;
8=FIX4.4; 35=0; 34=45; 49=MTHREE; 56=MS; 52=2024-08-06-13:40:41; 108=30; 10=0015;
8=FIX4.4; 35=0; 34=45; 49=MS; 56=MTHREE; 52=2024-08-06-13:40:41; 108=30; 10=0015;
8=FIX4.4; 35=0; 34=46; 49=MTHREE; 56=MS; 52=2024-08-06-13:40:43; 108=30; 10=0015;
8=FIX4.4; 35=0; 34=46; 49=MS; 56=MTHREE; 52=2024-08-06-13:40:43; 108=30; 10=0015;
8=FIX4.4; 35=0; 34=47; 49=MTHREE; 56=MS; 52=2024-08-06-13:40:45; 108=30; 10=0015;
8=FIX4.4; 35=0; 34=47; 49=MS; 56=MTHREE; 52=2024-08-06-13:40:45; 108=30; 10=0015;
8=FIX4.4; 35=0; 34=48; 49=MTHREE; 56=MS; 52=2024-08-06-13:40:47; 108=30; 10=0015;
8=FIX4.4; 35=0; 34=48; 49=MS; 56=MTHREE; 52=2024-08-06-13:40:47; 108=30; 10=0015;
8=FIX4.4; 35=0; 34=49; 49=MTHREE; 56=MS; 52=2024-08-06-13:40:49; 108=30; 10=0015;
8=FIX4.4; 35=0; 34=49; 49=MS; 56=MTHREE; 52=2024-08-06-13:40:49; 108=30; 10=0015;
8=FIX4.4; 35=0; 34=50; 49=MTHREE; 56=MS; 52=2024-08-06-13:40:51; 108=30; 10=0015;
8=FIX4.4; 35=0; 34=50; 49=MS; 56=MTHREE; 52=2024-08-06-13:40:51; 108=30; 10=0015;
8=FIX4.4; 35=0; 34=51; 49=MTHREE; 56=MS; 52=2024-08-06-13:40:53; 108=30; 10=0015;
8=FIX4.4; 35=0; 34=51; 49=MS; 56=MTHREE; 52=2024-08-06-13:40:53; 108=30; 10=0015;
8=FIX4.4; 35=D; 34=52; 49=MTHREE; 56=MS; 52=2024-08-06-13:40:55; 55=AAPL; 40=2; 38=9937; 21=2; 11=algo20240806134055; 60=2024-08-06-13:40:55; 54=1; 44=1276.37; 10=0252;
8=FIX4.4; 35=8; 34=52; 49=MS; 56=MTHREE; 52=2024-08-06-13:40:55; 55=AAPL; 40=2; 11=algo20240806134055; 31=1276.37; 150=0; 39=0; 54=1; 44=1276.37; 32=0; 17=exec20240806134055; 38=9937; 60=2024-08-06-13:40:55; 6=0; 14=0; 37=algo20240806134055; 10=200;
8=FIX4.4; 35=8; 34=53; 49=MS; 56=MTHREE; 52=2024-08-06-13:40:56; 55=AAPL; 40=2; 11=algo20240806134055; 31=1276.37; 150=2; 39=2; 54=1; 44=1276.37; 32=9937; 17=exec20240806134056; 38=9937; 60=2024-08-06-13:40:56; 6=1276.37; 14=9937; 37=algo20240806134055; 10=246;
8=FIX4.4; 35=D; 34=53; 49=MTHREE; 56=MS; 52=2024-08-06-13:40:56; 55=MSFT; 40=2; 38=17206; 21=2; 11=algo20240806134056; 60=2024-08-06-13:40:56; 54=2; 44=59.89; 10=0252;
8=FIX4.4; 35=8; 34=54; 49=MS; 56=MTHREE; 52=2024-08-06-13:40:56; 55=MSFT; 40=2; 11=algo20240806134056; 31=59.89; 150=0; 39=0; 54=2; 44=59.89; 32=0; 17=exec20240806134056; 38=17206; 60=2024-08-06-13:40:56; 6=0; 14=0; 37=algo20240806134056; 10=200;
8=FIX4.4; 35=8; 34=55; 49=MS; 56=MTHREE; 52=2024-08-06-13:40:56; 55=MSFT; 40=2; 11=algo20240806134056; 31=59.89; 150=1; 39=1; 54=2; 44=59.89; 32=3441; 17=exec20240806134056; 38=17206; 60=2024-08-06-13:40:56; 6=59.89; 14=3441; 37=algo20240806134056; 10=240;
8=FIX4.4; 35=8; 34=56; 49=MS; 56=MTHREE; 52=2024-08-06-13:40:57; 55=MSFT; 40=2; 11=algo20240806134056; 31=59.89; 150=1; 39=1; 54=2; 44=59.89; 32=3441; 17=exec20240806134057; 38=17206; 60=2024-08-06-13:40:57; 6=59.89; 14=6882; 37=algo20240806134056; 10=240;
8=FIX4.4; 35=8; 34=57; 49=MS; 56=MTHREE; 52=2024-08-06-13:40:58; 55=MSFT; 40=2; 11=algo20240806134056; 31=59.89; 150=1; 39=1; 54=2; 44=59.89; 32=3441; 17=exec20240806134058; 38=17206; 60=2024-08-06-13:40:58; 6=59.89; 14=10323; 37=algo20240806134056; 10=240;
8=FIX4.4; 35=8; 34=58; 49=MS; 56=MTHREE; 52=2024-08-06-13:40:59; 55=MSFT; 40=2; 11=algo20240806134056; 31=59.89; 150=1; 39=1; 54=2; 44=59.89; 32=3441; 17=exec20240806134059; 38=17206; 60=2024-08-06-13:40:59; 6=59.89; 14=13764; 37=algo20240806134056; 10=240;
8=FIX4.4; 35=8; 34=59; 49=MS; 56=MTHREE; 52=2024-08-06-13:41:01; 55=MSFT; 40=2; 11=algo20240806134056; 31=59.89; 150=2; 39=2; 54=2; 44=59.89; 32=3442; 17=exec20240806134101; 38=17206; 60=2024-08-06-13:41:01; 6=59.89; 14=17206; 37=algo20240806134056; 10=246;
8=FIX4.4; 35=D; 34=54; 49=MTHREE; 56=MS; 52=2024-08-06-13:41:01; 55=AMZN; 40=2; 38=21265; 21=2; 11=algo20240806134101; 60=2024-08-06-13:41:01; 54=2; 44=133.47; 10=0252;
8=FIX4.4; 35=8; 34=60; 49=MS; 56=MTHREE; 52=2024-08-06-13:41:01; 55=AMZN; 40=2; 11=algo20240806134101; 31=133.47; 150=0; 39=0; 54=2; 44=133.47; 32=0; 17=exec20240806134101; 38=21265; 60=2024-08-06-13:41:01; 6=0; 14=0; 37=algo20240806134101; 10=200;
8=FIX4.4; 35=F; 34=54; 49=MTHREE; 56=MS; 52=2024-08-06-13:41:01; 41=algo20240806134101; 55=AMZN; 38=21265; 11=C_algo20240806134101; 60=2024-08-06-13:41:01; 10=060;
8=FIX4.4; 35=8; 34=60; 49=MS; 56=MTHREE; 52=2024-08-06-13:41:01; 55=AMZN; 11=C_algo20240806134101; 31=0; 150=6; 39=6; 54=2; 44=133.47; 17=exec20240806134101; 32=0; 41=algo20240806134101; 38=21265; 60=2024-08-06-13:41:01; 6=0.0; 14=0; 37=algo20240806134101; 10=252;
8=FIX4.4; 35=8; 34=61; 49=MS; 56=MTHREE; 52=2024-08-06-13:41:01; 151=17012; 55=AMZN; 11=C_algo20240806134101; 31=0; 150=4; 39=4; 54=2; 17=exec20240806134101; 32=0; 41=algo20240806134101; 38=21265; 60=2024-08-06-13:41:01; 6=0.0; 14=0; 37=algo20240806134101; 10=252;
8=FIX4.4; 35=D; 34=56; 49=MTHREE; 56=MS; 52=2024-08-06-13:41:03; 55=FB; 40=2; 38=31260; 21=2; 11=algo20240806134103; 60=2024-08-06-13:41:03; 54=1; 44=430.62; 10=0252;
8=FIX4.4; 35=8; 34=63; 49=MS; 56=MTHREE; 52=2024-08-06-13:41:03; 55=FB; 40=2; 11=algo20240806134103; 31=430.62; 150=0; 39=0; 54=1; 44=430.62; 32=0; 17=exec20240806134103; 38=31260; 60=2024-08-06-13:41:03; 6=0; 14=0; 37=algo20240806134103; 10=200;
8=FIX4.4; 35=8; 34=64; 49=MS; 56=MTHREE; 52=2024-08-06-13:41:03; 55=FB; 40=2; 11=algo20240806134103; 31=430.62; 150=1; 39=1; 54=1; 44=430.62; 32=6252; 17=exec20240806134103; 38=31260; 60=2024-08-06-13:41:03; 6=430.62; 14=6252; 37=algo20240806134103; 10=240;
8=FIX4.4; 35=8; 34=65; 49=MS; 56=MTHREE; 52=2024-08-06-13:41:04; 55=FB; 40=2; 11=algo20240806134103; 31=430.62; 150=1; 39=1; 54=1; 44=430.62; 32=6252; 17=exec20240806134104; 38=31260; 60=2024-08-06-13:41:04; 6=430.62; 14=12504; 37=algo20240806134103; 10=240;
8=FIX4.4; 35=8; 34=66; 49=MS; 56=MTHREE; 52=2024-08-06-13:41:05; 55=FB; 40=2; 11=algo20240806134103; 31=430.62; 150=1; 39=1; 54=1; 44=430.62; 32=6252; 17=exec20240806134105; 38=31260; 60=2024-08-06-13:41:05; 6=430.62; 14=18756; 37=algo20240806134103; 10=240;
8=FIX4.4; 35=8; 34=67; 49=MS; 56=MTHREE; 52=2024-08-06-13:41:06; 55=FB; 40=2; 11=algo20240806134103; 31=430.62; 150=1; 39=1; 54=1; 44=430.62; 32=6252; 17=exec20240806134106; 38=31260; 60=2024-08-06-13:41:06; 6=430.62; 14=25008; 37=algo20240806134103; 10=240;
8=FIX4.4; 35=8; 34=68; 49=MS; 56=MTHREE; 52=2024-08-06-13:41:09; 55=FB; 40=2; 11=algo20240806134103; 31=430.62; 150=2; 39=2; 54=1; 44=430.62; 32=6252; 17=exec20240806134109; 38=31260; 60=2024-08-06-13:41:09; 6=430.62; 14=31260; 37=algo20240806134103; 10=246;
8=FIX4.4; 35=D; 34=57; 49=MTHREE; 56=MS; 52=2024-08-06-13:41:09; 55=GOOG; 40=2; 38=2552; 21=2; 11=algo20240806134109; 60=2024-08-06-13:41:09; 54=1; 44=42.05; 10=0252;
8=FIX4.4; 35=8; 34=69; 49=MS; 56=MTHREE; 52=2024-08-06-13:41:09; 55=GOOG; 40=2; 11=algo20240806134109; 31=42.05; 150=0; 39=0; 54=1; 44=42.05; 32=0; 17=exec20240806134109; 38=2552; 60=2024-08-06-13:41:09; 6=0; 14=0; 37=algo20240806134109; 10=200;
8=FIX4.4; 35=8; 34=70; 49=MS; 56=MTHREE; 52=2024-08-06-13:41:09; 55=GOOG; 40=2; 11=algo20240806134109; 31=42.05; 150=1; 39=1; 54=1; 44=42.05; 32=1276; 17=exec20240806134109; 38=2552; 60=2024-08-06-13:41:09; 6=42.05; 14=1276; 37=algo20240806134109; 10=240;
8=FIX4.4; 35=8; 34=71; 49=MS; 56=MTHREE; 52=2024-08-06-13:41:11; 55=GOOG; 40=2; 11=algo20240806134109; 31=42.05; 150=2; 39=2; 54=1; 44=42.05; 32=1276; 17=exec20240806134111; 38=2552; 60=2024-08-06-13:41:11; 6=42.05; 14=2552; 37=algo20240806134109; 10=246;
8=FIX4.4; 35=D; 34=58; 49=MTHREE; 56=MS; 52=2024-08-06-13:41:11; 55=GOOGL; 40=2; 38=31202; 21=2; 11=algo20240806134111; 60=2024-08-06-13:41:11; 54=1; 44=289.20; 10=0252;
8=FIX4.4; 35=8; 34=72; 49=MS; 56=MTHREE; 52=2024-08-06-13:41:11; 55=GOOGL; 40=2; 11=algo20240806134111; 31=289.20; 150=0; 39=0; 54=1; 44=289.20; 32=0; 17=exec20240806134111; 38=31202; 60=2024-08-06-13:41:11; 6=0; 14=0; 37=algo20240806134111; 10=200;
8=FIX4.4; 35=8; 34=73; 49=MS; 56=MTHREE; 52=2024-08-06-13:41:11; 55=GOOGL; 40=2; 11=algo20240806134111; 31=289.20; 150=1; 39=1; 54=1; 44=289.20; 32=15601; 17=exec20240806134111; 38=31202; 60=2024-08-06-13:41:11; 6=289.20; 14=15601; 37=algo20240806134111; 10=240;
8=FIX4.4; 35=8; 34=74; 49=MS; 56=MTHREE; 52=2024-08-06-13:41:13; 55=GOOGL; 40=2; 11=algo20240806134111; 31=289.20; 150=2; 39=2; 54=1; 44=289.20; 32=15601; 17=exec20240806134113; 38=31202; 60=2024-08-06-13:41:13; 6=289.20; 14=31202; 37=algo20240806134111; 10=246;
8=FIX4.4; 35=D; 34=59; 49=MTHREE; 56=MS; 52=2024-08-06-13:41:13; 55=INTC; 40=2; 38=25267; 21=2; 11=algo20240806134113; 60=2024-08-06-13:41:13; 54=2; 44=339.13; 10=0252;
8=FIX4.4; 35=8; 34=75; 49=MS; 56=MTHREE; 52=2024-08-06-13:41:13; 55=INTC; 40=2; 11=algo20240806134113; 31=339.13; 150=0; 39=0; 54=2; 44=339.13; 32=0; 17=exec20240806134113; 38=25267; 60=2024-08-06-13:41:13; 6=0; 14=0; 37=algo20240806134113; 10=200;
8=FIX4.4; 35=F; 34=59; 49=MTHREE; 56=MS; 52=2024-08-06-13:41:13; 41=algo20240806134113; 55=INTC; 38=25267; 11=C_algo20240806134113; 60=2024-08-06-13:41:13; 10=060;
8=FIX4.4; 35=8; 34=75; 49=MS; 56=MTHREE; 52=2024-08-06-13:41:13; 55=INTC; 11=C_algo20240806134113; 31=0; 150=6; 39=6; 54=2; 44=339.13; 17=exec20240806134113; 32=0; 41=algo20240806134113; 38=25267; 60=2024-08-06-13:41:13; 6=0.0; 14=0; 37=algo20240806134113; 10=252;
8=FIX4.4; 35=8; 34=76; 49=MS; 56=MTHREE; 52=2024-08-06-13:41:13; 151=12634; 55=INTC; 11=C_algo20240806134113; 31=0; 150=4; 39=4; 54=2; 17=exec20240806134113; 32=0; 41=algo20240806134113; 38=25267; 60=2024-08-06-13:41:13; 6=0.0; 14=0; 37=algo20240806134113; 10=252;
8=FIX4.4; 35=D; 34=61; 49=MTHREE; 56=MS; 52=2024-08-06-13:41:15; 55=PEP; 40=2; 38=21150; 21=2; 11=algo20240806134115; 60=2024-08-06-13:41:15; 54=2; 44=36.21; 10=0252;
8=FIX4.4; 35=8; 34=78; 49=MS; 56=MTHREE; 52=2024-08-06-13:41:15; 55=PEP; 40=2; 11=algo20240806134115; 31=36.21; 150=0; 39=0; 54=2; 44=36.21; 32=0; 17=exec20240806134115; 38=21150; 60=2024-08-06-13:41:15; 6=0; 14=0; 37=algo20240806134115; 10=200;
8=FIX4.4; 35=F; 34=61; 49=MTHREE; 56=MS; 52=2024-08-06-13:41:15; 41=algo20240806134115; 55=PEP; 38=21150; 11=C_algo20240806134115; 60=2024-08-06-13:41:15; 10=060;
8=FIX4.4; 35=8; 34=78; 49=MS; 56=MTHREE; 52=2024-08-06-13:41:15; 55=PEP; 11=C_algo20240806134115; 31=0; 150=6; 39=6; 54=2; 44=36.21; 17=exec20240806134115; 32=0; 41=algo20240806134115; 38=21150; 60=2024-08-06-13:41:15; 6=0.0; 14=0; 37=algo20240806134115; 10=252;
8=FIX4.4; 35=8; 34=79; 49=MS; 56=MTHREE; 52=2024-08-06-13:41:15; 151=15863; 55=PEP; 11=C_algo20240806134115; 31=0; 150=4; 39=4; 54=2; 17=exec20240806134115; 32=0; 41=algo20240806134115; 38=21150; 60=2024-08-06-13:41:15; 6=0.0; 14=0; 37=algo20240806134115; 10=252;
8=FIX4.4; 35=D; 34=63; 49=MTHREE; 56=MS; 52=2024-08-06-13:41:17; 55=NFLX; 40=2; 38=31144; 21=2; 11=algo20240806134117; 60=2024-08-06-13:41:17; 54=1; 44=306.71; 10=0252;
8=FIX4.4; 35=8; 34=81; 49=MS; 56=MTHREE; 52=2024-08-06-13:41:17; 55=NFLX; 40=2; 11=algo20240806134117; 31=306.71; 150=0; 39=0; 54=1; 44=306.71; 32=0; 17=exec20240806134117; 38=31144; 60=2024-08-06-13:41:17; 6=0; 14=0; 37=algo20240806134117; 10=200;
8=FIX4.4; 35=8; 34=82; 49=MS; 56=MTHREE; 52=2024-08-06-13:41:17; 55=NFLX; 40=2; 11=algo20240806134117; 31=306.71; 150=1; 39=1; 54=1; 44=306.71; 32=7786; 17=exec20240806134117; 38=31144; 60=2024-08-06-13:41:17; 6=306.71; 14=7786; 37=algo20240806134117; 10=240;
8=FIX4.4; 35=F; 34=63; 49=MTHREE; 56=MS; 52=2024-08-06-13:41:18; 41=algo20240806134117; 55=NFLX; 38=31144; 11=C_algo20240806134117; 60=2024-08-06-13:41:18; 10=060;
8=FIX4.4; 35=8; 34=82; 49=MS; 56=MTHREE; 52=2024-08-06-13:41:18; 55=NFLX; 11=C_algo20240806134117; 31=0; 150=6; 39=6; 54=1; 44=306.71; 17=exec20240806134118; 32=0; 41=algo20240806134117; 38=31144; 60=2024-08-06-13:41:18; 6=0.0; 14=7786; 37=algo20240806134117; 10=252;
8=FIX4.4; 35=8; 34=83; 49=MS; 56=MTHREE; 52=2024-08-06-13:41:18; 151=15572; 55=NFLX; 11=C_algo20240806134117; 31=0; 150=4; 39=4; 54=1; 17=exec20240806134118; 32=0; 41=algo20240806134117; 38=31144; 60=2024-08-06-13:41:18; 6=0.0; 14=7786; 37=algo20240806134117; 10=252;
8=FIX4.4; 35=D; 34=65; 49=MTHREE; 56=MS; 52=2024-08-06-13:41:20; 55=CSCO; 40=2; 38=12914; 21=2; 11=algo20240806134120; 60=2024-08-06-13:41:20; 54=1; 44=233.73; 10=0252;
8=FIX4.4; 35=8; 34=85; 49=MS; 56=MTHREE; 52=2024-08-06-13:41:20; 55=CSCO; 40=2; 11=algo20240806134120; 31=233.73; 150=0; 39=0; 54=1; 44=233.73; 32=0; 17=exec20240806134120; 38=12914; 60=2024-08-06-13:41:20; 6=0; 14=0; 37=algo20240806134120; 10=200;
8=FIX4.4; 35=8; 34=86; 49=MS; 56=MTHREE; 52=2024-08-06-13:41:20; 55=CSCO; 40=2; 11=algo20240806134120; 31=233.73; 150=1; 39=1; 54=1; 44=233.73; 32=3228; 17=exec20240806134120; 38=12914; 60=2024-08-06-13:41:20; 6=233.73; 14=3228; 37=algo20240806134120; 10=240;
8=FIX4.4; 35=8; 34=87; 49=MS; 56=MTHREE; 52=2024-08-06-13:41:21; 55=CSCO; 40=2; 11=algo20240806134120; 31=233.73; 150=1; 39=1; 54=1; 44=233.73; 32=3228; 17=exec20240806134121; 38=12914; 60=2024-08-06-13:41:21; 6=233.73; 14=6456; 37=algo20240806134120; 10=240;
8=FIX4.4; 35=8; 34=88; 49=MS; 56=MTHREE; 52=2024-08-06-13:41:22; 55=CSCO; 40=2; 11=algo20240806134120; 31=233.73; 150=1; 39=1; 54=1; 44=233.73; 32=3228; 17=exec20240806134122; 38=12914; 60=2024-08-06-13:41:22; 6=233.73; 14=9684; 37=algo20240806134120; 10=240;
8=FIX4.4; 35=8; 34=89; 49=MS; 56=MTHREE; 52=2024-08-06-13:41:24; 55=CSCO; 40=2; 11=algo20240806134120; 31=233.73; 150=2; 39=2; 54=1; 44=233.73; 32=3230; 17=exec20240806134124; 38=12914; 60=2024-08-06-13:41:24; 6=233.73; 14=12914; 37=algo20240806134120; 10=246;
8=FIX4.4; 35=D; 34=66; 49=MTHREE; 56=MS; 52=2024-08-06-13:41:24; 55=AMGN; 40=2; 38=13339; 21=2; 11=algo20240806134124; 60=2024-08-06-13:41:24; 54=2; 44=116.62; 10=0252;
8=FIX4.4; 35=8; 34=90; 49=MS; 56=MTHREE; 52=2024-08-06-13:41:24; 55=AMGN; 40=2; 11=algo20240806134124; 31=116.62; 150=0; 39=0; 54=2; 44=116.62; 32=0; 17=exec20240806134124; 38=13339; 60=2024-08-06-13:41:24; 6=0; 14=0; 37=algo20240806134124; 10=200;
8=FIX4.4; 35=F; 34=66; 49=MTHREE; 56=MS; 52=2024-08-06-13:41:24; 41=algo20240806134124; 55=AMGN; 38=13339; 11=C_algo20240806134124; 60=2024-08-06-13:41:24; 10=060;
8=FIX4.4; 35=8; 34=90; 49=MS; 56=MTHREE; 52=2024-08-06-13:41:24; 55=AMGN; 11=C_algo20240806134124; 31=0; 150=6; 39=6; 54=2; 44=116.62; 17=exec20240806134124; 32=0; 41=algo20240806134124; 38=13339; 60=2024-08-06-13:41:24; 6=0.0; 14=0; 37=algo20240806134124; 10=252;
8=FIX4.4; 35=8; 34=91; 49=MS; 56=MTHREE; 52=2024-08-06-13:41:24; 151=10005; 55=AMGN; 11=C_algo20240806134124; 31=0; 150=4; 39=4; 54=2; 17=exec20240806134124; 32=0; 41=algo20240806134124; 38=13339; 60=2024-08-06-13:41:24; 6=0.0; 14=0; 37=algo20240806134124; 10=252;
8=FIX4.4; 35=D; 34=68; 49=MTHREE; 56=MS; 52=2024-08-06-13:41:26; 55=PYPL; 40=2; 38=23334; 21=2; 11=algo20240806134126; 60=2024-08-06-13:41:26; 54=1; 44=723.61; 10=0252;
8=FIX4.4; 35=8; 34=93; 49=MS; 56=MTHREE; 52=2024-08-06-13:41:26; 55=PYPL; 40=2; 11=algo20240806134126; 31=723.61; 150=0; 39=0; 54=1; 44=723.61; 32=0; 17=exec20240806134126; 38=23334; 60=2024-08-06-13:41:26; 6=0; 14=0; 37=algo20240806134126; 10=200;
8=FIX4.4; 35=8; 34=94; 49=MS; 56=MTHREE; 52=2024-08-06-13:41:26; 55=PYPL; 40=2; 11=algo20240806134126; 31=723.61; 150=1; 39=1; 54=1; 44=723.61; 32=5833; 17=exec20240806134126; 38=23334; 60=2024-08-06-13:41:26; 6=723.61; 14=5833; 37=algo20240806134126; 10=240;
8=FIX4.4; 35=F; 34=68; 49=MTHREE; 56=MS; 52=2024-08-06-13:41:27; 41=algo20240806134126; 55=PYPL; 38=23334; 11=C_algo20240806134126; 60=2024-08-06-13:41:27; 10=060;
8=FIX4.4; 35=8; 34=94; 49=MS; 56=MTHREE; 52=2024-08-06-13:41:27; 55=PYPL; 11=C_algo20240806134126; 31=0; 150=6; 39=6; 54=1; 44=723.61; 17=exec20240806134127; 32=0; 41=algo20240806134126; 38=23334; 60=2024-08-06-13:41:27; 6=0.0; 14=5833; 37=algo20240806134126; 10=252;
8=FIX4.4; 35=8; 34=95; 49=MS; 56=MTHREE; 52=2024-08-06-13:41:27; 151=11668; 55=PYPL; 11=C_algo20240806134126; 31=0; 150=4; 39=4; 54=1; 17=exec20240806134127; 32=0; 41=algo20240806134126; 38=23334; 60=2024-08-06-13:41:27; 6=0.0; 14=5833; 37=algo20240806134126; 10=252;
8=FIX4.4; 35=D; 34=70; 49=MTHREE; 56=MS; 52=2024-08-06-13:41:29; 55=TSLA; 40=2; 38=4195; 21=2; 11=algo20240806134129; 60=2024-08-06-13:41:29; 54=2; 44=503.77; 10=0252;
8=FIX4.4; 35=8; 34=97; 49=MS; 56=MTHREE; 52=2024-08-06-13:41:29; 55=TSLA; 40=2; 11=algo20240806134129; 31=503.77; 150=0; 39=0; 54=2; 44=503.77; 32=0; 17=exec20240806134129; 38=4195; 60=2024-08-06-13:41:29; 6=0; 14=0; 37=algo20240806134129; 10=200;
8=FIX4.4; 35=F; 34=70; 49=MTHREE; 56=MS; 52=2024-08-06-13:41:29; 41=algo20240806134129; 55=TSLA; 38=4195; 11=C_algo20240806134129; 60=2024-08-06-13:41:29; 10=060;
8=FIX4.4; 35=8; 34=97; 49=MS; 56=MTHREE; 52=2024-08-06-13:41:29; 55=TSLA; 11=C_algo20240806134129; 31=0; 150=6; 39=6; 54=2; 44=503.77; 17=exec20240806134129; 32=0; 41=algo20240806134129; 38=4195; 60=2024-08-06-13:41:29; 6=0.0; 14=0; 37=algo20240806134129; 10=252;
8=FIX4.4; 35=8; 34=98; 49=MS; 56=MTHREE; 52=2024-08-06-13:41:29; 151=3356; 55=TSLA; 11=C_algo20240806134129; 31=0; 150=4; 39=4; 54=2; 17=exec20240806134129; 32=0; 41=algo20240806134129; 38=4195; 60=2024-08-06-13:41:29; 6=0.0; 14=0; 37=algo20240806134129; 10=252;
8=FIX4.4; 35=D; 34=72; 49=MTHREE; 56=MS; 52=2024-08-06-13:41:31; 55=TXN; 40=2; 38=14190; 21=2; 11=algo20240806134131; 60=2024-08-06-13:41:31; 54=1; 44=112.46; 10=0252;
8=FIX4.4; 35=8; 34=100; 49=MS; 56=MTHREE; 52=2024-08-06-13:41:31; 55=TXN; 40=2; 11=algo20240806134131; 31=112.46; 150=0; 39=0; 54=1; 44=112.46; 32=0; 17=exec20240806134131; 38=14190; 60=2024-08-06-13:41:31; 6=0; 14=0; 37=algo20240806134131; 10=200;
8=FIX4.4; 35=8; 34=101; 49=MS; 56=MTHREE; 52=2024-08-06-13:41:31; 55=TXN; 40=2; 11=algo20240806134131; 31=112.46; 150=1; 39=1; 54=1; 44=112.46; 32=2838; 17=exec20240806134131; 38=14190; 60=2024-08-06-13:41:31; 6=112.46; 14=2838; 37=algo20240806134131; 10=240;
8=FIX4.4; 35=8; 34=102; 49=MS; 56=MTHREE; 52=2024-08-06-13:41:32; 55=TXN; 40=2; 11=algo20240806134131; 31=112.46; 150=1; 39=1; 54=1; 44=112.46; 32=2838; 17=exec20240806134132; 38=14190; 60=2024-08-06-13:41:32; 6=112.46; 14=5676; 37=algo20240806134131; 10=240;
8=FIX4.4; 35=8; 34=103; 49=MS; 56=MTHREE; 52=2024-08-06-13:41:33; 55=TXN; 40=2; 11=algo20240806134131; 31=112.46; 150=1; 39=1; 54=1; 44=112.46; 32=2838; 17=exec20240806134133; 38=14190; 60=2024-08-06-13:41:33; 6=112.46; 14=8514; 37=algo20240806134131; 10=240;
8=FIX4.4; 35=8; 34=104; 49=MS; 56=MTHREE; 52=2024-08-06-13:41:34; 55=TXN; 40=2; 11=algo20240806134131; 31=112.46; 150=1; 39=1; 54=1; 44=112.46; 32=2838; 17=exec20240806134134; 38=14190; 60=2024-08-06-13:41:34; 6=112.46; 14=11352; 37=algo20240806134131; 10=240;
8=FIX4.4; 35=8; 34=105; 49=MS; 56=MTHREE; 52=2024-08-06-13:41:36; 55=TXN; 40=2; 11=algo20240806134131; 31=112.46; 150=2; 39=2; 54=1; 44=112.46; 32=2838; 17=exec20240806134136; 38=14190; 60=2024-08-06-13:41:36; 6=112.46; 14=14190; 37=algo20240806134131; 10=246;
8=FIX4.4; 35=D; 34=73; 49=MTHREE; 56=MS; 52=2024-08-06-13:41:36; 55=AVGO; 40=2; 38=1412; 21=2; 11=algo20240806134136; 60=2024-08-06-13:41:36; 54=2; 44=262.99; 10=0252;
8=FIX4.4; 35=8; 34=106; 49=MS; 56=MTHREE; 52=2024-08-06-13:41:36; 55=AVGO; 40=2; 11=algo20240806134136; 31=262.99; 150=0; 39=0; 54=2; 44=262.99; 32=0; 17=exec20240806134136; 38=1412; 60=2024-08-06-13:41:36; 6=0; 14=0; 37=algo20240806134136; 10=200;
8=FIX4.4; 35=8; 34=107; 49=MS; 56=MTHREE; 52=2024-08-06-13:41:37; 55=AVGO; 40=2; 11=algo20240806134136; 31=262.99; 150=2; 39=2; 54=2; 44=262.99; 32=1412; 17=exec20240806134137; 38=1412; 60=2024-08-06-13:41:37; 6=262.99; 14=1412; 37=algo20240806134136; 10=246;
8=FIX4.4; 35=D; 34=74; 49=MTHREE; 56=MS; 52=2024-08-06-13:41:37; 55=GILD; 40=2; 38=8681; 21=2; 11=algo20240806134137; 60=2024-08-06-13:41:37; 54=1; 44=82.91; 10=0252;
8=FIX4.4; 35=8; 34=108; 49=MS; 56=MTHREE; 52=2024-08-06-13:41:37; 55=GILD; 40=2; 11=algo20240806134137; 31=82.91; 150=0; 39=0; 54=1; 44=82.91; 32=0; 17=exec20240806134137; 38=8681; 60=2024-08-06-13:41:37; 6=0; 14=0; 37=algo20240806134137; 10=200;
8=FIX4.4; 35=8; 34=109; 49=MS; 56=MTHREE; 52=2024-08-06-13:41:37; 55=GILD; 40=2; 11=algo20240806134137; 31=82.91; 150=1; 39=1; 54=1; 44=82.91; 32=1736; 17=exec20240806134137; 38=8681; 60=2024-08-06-13:41:37; 6=82.91; 14=1736; 37=algo20240806134137; 10=240;
8=FIX4.4; 35=F; 34=74; 49=MTHREE; 56=MS; 52=2024-08-06-13:41:38; 41=algo20240806134137; 55=GILD; 38=8681; 11=C_algo20240806134137; 60=2024-08-06-13:41:38; 10=060;
8=FIX4.4; 35=8; 34=109; 49=MS; 56=MTHREE; 52=2024-08-06-13:41:38; 55=GILD; 11=C_algo20240806134137; 31=0; 150=6; 39=6; 54=1; 44=82.91; 17=exec20240806134138; 32=0; 41=algo20240806134137; 38=8681; 60=2024-08-06-13:41:38; 6=0.0; 14=1736; 37=algo20240806134137; 10=252;
8=FIX4.4; 35=8; 34=110; 49=MS; 56=MTHREE; 52=2024-08-06-13:41:38; 151=5209; 55=GILD; 11=C_algo20240806134137; 31=0; 150=4; 39=4; 54=1; 17=exec20240806134138; 32=0; 41=algo20240806134137; 38=8681; 60=2024-08-06-13:41:38; 6=0.0; 14=1736; 37=algo20240806134137; 10=252;
8=FIX4.4; 35=D; 34=76; 49=MTHREE; 56=MS; 52=2024-08-06-13:41:40; 55=SBUX; 40=2; 38=5471; 21=2; 11=algo20240806134140; 60=2024-08-06-13:41:40; 54=2; 44=75.71; 10=0252;
8=FIX4.4; 35=8; 34=112; 49=MS; 56=MTHREE; 52=2024-08-06-13:41:40; 55=SBUX; 40=2; 11=algo20240806134140; 31=75.71; 150=0; 39=0; 54=2; 44=75.71; 32=0; 17=exec20240806134140; 38=5471; 60=2024-08-06-13:41:40; 6=0; 14=0; 37=algo20240806134140; 10=200;
8=FIX4.4; 35=8; 34=113; 49=MS; 56=MTHREE; 52=2024-08-06-13:41:42; 55=SBUX; 40=2; 11=algo20240806134140; 31=75.71; 150=2; 39=2; 54=2; 44=75.71; 32=5471; 17=exec20240806134141; 38=5471; 60=2024-08-06-13:41:42; 6=75.71; 14=5471; 37=algo20240806134140; 10=246;
8=FIX4.4; 35=D; 34=77; 49=MTHREE; 56=MS; 52=2024-08-06-13:41:42; 55=QCOM; 40=2; 38=29579; 21=2; 11=algo20240806134142; 60=2024-08-06-13:41:42; 54=1; 44=75.47; 10=0252;
8=FIX4.4; 35=8; 34=114; 49=MS; 56=MTHREE; 52=2024-08-06-13:41:42; 55=QCOM; 40=2; 11=algo20240806134142; 31=75.47; 150=0; 39=0; 54=1; 44=75.47; 32=0; 17=exec20240806134142; 38=29579; 60=2024-08-06-13:41:42; 6=0; 14=0; 37=algo20240806134142; 10=200;
8=FIX4.4; 35=8; 34=115; 49=MS; 56=MTHREE; 52=2024-08-06-13:41:42; 55=QCOM; 40=2; 11=algo20240806134142; 31=75.47; 150=1; 39=1; 54=1; 44=75.47; 32=9859; 17=exec20240806134142; 38=29579; 60=2024-08-06-13:41:42; 6=75.47; 14=9859; 37=algo20240806134142; 10=240;
8=FIX4.4; 35=F; 34=77; 49=MTHREE; 56=MS; 52=2024-08-06-13:41:43; 41=algo20240806134142; 55=QCOM; 38=29579; 11=C_algo20240806134142; 60=2024-08-06-13:41:43; 10=060;
8=FIX4.4; 35=8; 34=115; 49=MS; 56=MTHREE; 52=2024-08-06-13:41:43; 55=QCOM; 11=C_algo20240806134142; 31=0; 150=6; 39=6; 54=1; 44=75.47; 17=exec20240806134143; 32=0; 41=algo20240806134142; 38=29579; 60=2024-08-06-13:41:43; 6=0.0; 14=9859; 37=algo20240806134142; 10=252;
8=FIX4.4; 35=8; 34=116; 49=MS; 56=MTHREE; 52=2024-08-06-13:41:43; 151=9861; 55=QCOM; 11=C_algo20240806134142; 31=0; 150=4; 39=4; 54=1; 17=exec20240806134143; 32=0; 41=algo20240806134142; 38=29579; 60=2024-08-06-13:41:43; 6=0.0; 14=9859; 37=algo20240806134142; 10=252;
8=FIX4.4; 35=D; 34=79; 49=MTHREE; 56=MS; 52=2024-08-06-13:41:45; 55=TMUS; 40=2; 38=26370; 21=2; 11=algo20240806134145; 60=2024-08-06-13:41:45; 54=2; 44=90.74; 10=0252;
8=FIX4.4; 35=8; 34=118; 49=MS; 56=MTHREE; 52=2024-08-06-13:41:45; 55=TMUS; 40=2; 11=algo20240806134145; 31=90.74; 150=0; 39=0; 54=2; 44=90.74; 32=0; 17=exec20240806134145; 38=26370; 60=2024-08-06-13:41:45; 6=0; 14=0; 37=algo20240806134145; 10=200;
8=FIX4.4; 35=F; 34=79; 49=MTHREE; 56=MS; 52=2024-08-06-13:41:45; 41=algo20240806134145; 55=TMUS; 38=26370; 11=C_algo20240806134145; 60=2024-08-06-13:41:45; 10=060;
8=FIX4.4; 35=8; 34=118; 49=MS; 56=MTHREE; 52=2024-08-06-13:41:45; 55=TMUS; 11=C_algo20240806134145; 31=0; 150=6; 39=6; 54=2; 44=90.74; 17=exec20240806134145; 32=0; 41=algo20240806134145; 38=26370; 60=2024-08-06-13:41:45; 6=0.0; 14=0; 37=algo20240806134145; 10=252;
8=FIX4.4; 35=8; 34=119; 49=MS; 56=MTHREE; 52=2024-08-06-13:41:45; 151=19778; 55=TMUS; 11=C_algo20240806134145; 31=0; 150=4; 39=4; 54=2; 17=exec20240806134145; 32=0; 41=algo20240806134145; 38=26370; 60=2024-08-06-13:41:45; 6=0.0; 14=0; 37=algo20240806134145; 10=252;
8=FIX4.4; 35=D; 34=81; 49=MTHREE; 56=MS; 52=2024-08-06-13:41:47; 55=MDLZ; 40=2; 38=3596; 21=2; 11=algo20240806134147; 60=2024-08-06-13:41:47; 54=1; 44=52.26; 10=0252;
8=FIX4.4; 35=8; 34=121; 49=MS; 56=MTHREE; 52=2024-08-06-13:41:47; 55=MDLZ; 40=2; 11=algo20240806134147; 31=52.26; 150=0; 39=0; 54=1; 44=52.26; 32=0; 17=exec20240806134147; 38=3596; 60=2024-08-06-13:41:47; 6=0; 14=0; 37=algo20240806134147; 10=200;
8=FIX4.4; 35=8; 34=122; 49=MS; 56=MTHREE; 52=2024-08-06-13:41:48; 55=MDLZ; 40=2; 11=algo20240806134147; 31=52.26; 150=2; 39=2; 54=1; 44=52.26; 32=3596; 17=exec20240806134148; 38=3596; 60=2024-08-06-13:41:48; 6=52.26; 14=3596; 37=algo20240806134147; 10=246;
8=FIX4.4; 35=D; 34=82; 49=MTHREE; 56=MS; 52=2024-08-06-13:41:48; 55=BAC; 40=2; 38=10865; 21=2; 11=algo20240806134148; 60=2024-08-06-13:41:48; 54=2; 44=22.03; 10=0252;
8=FIX4.4; 35=8; 34=123; 49=MS; 56=MTHREE; 52=2024-08-06-13:41:48; 55=BAC; 40=2; 11=algo20240806134148; 31=22.03; 150=0; 39=0; 54=2; 44=22.03; 32=0; 17=exec20240806134148; 38=10865; 60=2024-08-06-13:41:48; 6=0; 14=0; 37=algo20240806134148; 10=200;
8=FIX4.4; 35=F; 34=82; 49=MTHREE; 56=MS; 52=2024-08-06-13:41:48; 41=algo20240806134148; 55=BAC; 38=10865; 11=C_algo20240806134148; 60=2024-08-06-13:41:48; 10=060;
8=FIX4.4; 35=8; 34=123; 49=MS; 56=MTHREE; 52=2024-08-06-13:41:48; 55=BAC; 11=C_algo20240806134148; 31=0; 150=6; 39=6; 54=2; 44=22.03; 17=exec20240806134148; 32=0; 41=algo20240806134148; 38=10865; 60=2024-08-06-13:41:48; 6=0.0; 14=0; 37=algo20240806134148; 10=252;
8=FIX4.4; 35=8; 34=124; 49=MS; 56=MTHREE; 52=2024-08-06-13:41:48; 151=8692; 55=BAC; 11=C_algo20240806134148; 31=0; 150=4; 39=4; 54=2; 17=exec20240806134148; 32=0; 41=algo20240806134148; 38=10865; 60=2024-08-06-13:41:48; 6=0.0; 14=0; 37=algo20240806134148; 10=252;
8=FIX4.4; 35=D; 34=84; 49=MTHREE; 56=MS; 52=2024-08-06-13:41:50; 55=DDD; 40=2; 38=20860; 21=2; 11=algo20240806134150; 60=2024-08-06-13:41:50; 54=1; 44=8.01; 10=0252;
8=FIX4.4; 35=8; 34=126; 49=MS; 56=MTHREE; 52=2024-08-06-13:41:50; 55=DDD; 40=2; 11=algo20240806134150; 31=8.01; 150=0; 39=0; 54=1; 44=8.01; 32=0; 17=exec20240806134150; 38=20860; 60=2024-08-06-13:41:50; 6=0; 14=0; 37=algo20240806134150; 10=200;
8=FIX4.4; 35=8; 34=127; 49=MS; 56=MTHREE; 52=2024-08-06-13:41:50; 55=DDD; 40=2; 11=algo20240806134150; 31=8.01; 150=1; 39=1; 54=1; 44=8.01; 32=4172; 17=exec20240806134150; 38=20860; 60=2024-08-06-13:41:50; 6=8.01; 14=4172; 37=algo20240806134150; 10=240;
8=FIX4.4; 35=8; 34=128; 49=MS; 56=MTHREE; 52=2024-08-06-13:41:51; 55=DDD; 40=2; 11=algo20240806134150; 31=8.01; 150=1; 39=1; 54=1; 44=8.01; 32=4172; 17=exec20240806134151; 38=20860; 60=2024-08-06-13:41:51; 6=8.01; 14=8344; 37=algo20240806134150; 10=240;
8=FIX4.4; 35=8; 34=129; 49=MS; 56=MTHREE; 52=2024-08-06-13:41:52; 55=DDD; 40=2; 11=algo20240806134150; 31=8.01; 150=1; 39=1; 54=1; 44=8.01; 32=4172; 17=exec20240806134152; 38=20860; 60=2024-08-06-13:41:52; 6=8.01; 14=12516; 37=algo20240806134150; 10=240;
8=FIX4.4; 35=8; 34=130; 49=MS; 56=MTHREE; 52=2024-08-06-13:41:53; 55=DDD; 40=2; 11=algo20240806134150; 31=8.01; 150=1; 39=1; 54=1; 44=8.01; 32=4172; 17=exec20240806134153; 38=20860; 60=2024-08-06-13:41:53; 6=8.01; 14=16688; 37=algo20240806134150; 10=240;
8=FIX4.4; 35=8; 34=131; 49=MS; 56=MTHREE; 52=2024-08-06-13:41:55; 55=DDD; 40=2; 11=algo20240806134150; 31=8.01; 150=2; 39=2; 54=1; 44=8.01; 32=4172; 17=exec20240806134155; 38=20860; 60=2024-08-06-13:41:55; 6=8.01; 14=20860; 37=algo20240806134150; 10=246;
8=FIX4.4; 35=D; 34=85; 49=MTHREE; 56=MS; 52=2024-08-06-13:41:55; 55=MMM; 40=2; 38=8081; 21=2; 11=algo20240806134155; 60=2024-08-06-13:41:55; 54=2; 44=146.98; 10=0252;
8=FIX4.4; 35=8; 34=132; 49=MS; 56=MTHREE; 52=2024-08-06-13:41:55; 55=MMM; 40=2; 11=algo20240806134155; 31=146.98; 150=0; 39=0; 54=2; 44=146.98; 32=0; 17=exec20240806134155; 38=8081; 60=2024-08-06-13:41:55; 6=0; 14=0; 37=algo20240806134155; 10=200;
8=FIX4.4; 35=8; 34=133; 49=MS; 56=MTHREE; 52=2024-08-06-13:41:56; 55=MMM; 40=2; 11=algo20240806134155; 31=146.98; 150=2; 39=2; 54=2; 44=146.98; 32=8081; 17=exec20240806134156; 38=8081; 60=2024-08-06-13:41:56; 6=146.98; 14=8081; 37=algo20240806134155; 10=246;
8=FIX4.4; 35=D; 34=86; 49=MTHREE; 56=MS; 52=2024-08-06-13:41:56; 55=WBAI; 40=2; 38=15350; 21=2; 11=algo20240806134156; 60=2024-08-06-13:41:56; 54=1; 44=4.10; 10=0252;
8=FIX4.4; 35=8; 34=134; 49=MS; 56=MTHREE; 52=2024-08-06-13:41:56; 55=WBAI; 40=2; 11=algo20240806134156; 31=4.10; 150=0; 39=0; 54=1; 44=4.10; 32=0; 17=exec20240806134156; 38=15350; 60=2024-08-06-13:41:56; 6=0; 14=0; 37=algo20240806134156; 10=200;
8=FIX4.4; 35=8; 34=135; 49=MS; 56=MTHREE; 52=2024-08-06-13:41:56; 55=WBAI; 40=2; 11=algo20240806134156; 31=4.10; 150=1; 39=1; 54=1; 44=4.10; 32=3070; 17=exec20240806134156; 38=15350; 60=2024-08-06-13:41:56; 6=4.10; 14=3070; 37=algo20240806134156; 10=240;
8=FIX4.4; 35=8; 34=136; 49=MS; 56=MTHREE; 52=2024-08-06-13:41:57; 55=WBAI; 40=2; 11=algo20240806134156; 31=4.10; 150=1; 39=1; 54=1; 44=4.10; 32=3070; 17=exec20240806134157; 38=15350; 60=2024-08-06-13:41:57; 6=4.10; 14=6140; 37=algo20240806134156; 10=240;
8=FIX4.4; 35=F; 34=86; 49=MTHREE; 56=MS; 52=2024-08-06-13:41:58; 41=algo20240806134156; 55=WBAI; 38=15350; 11=C_algo20240806134156; 60=2024-08-06-13:41:58; 10=060;
8=FIX4.4; 35=8; 34=136; 49=MS; 56=MTHREE; 52=2024-08-06-13:41:58; 55=WBAI; 11=C_algo20240806134156; 31=0; 150=6; 39=6; 54=1; 44=4.10; 17=exec20240806134158; 32=0; 41=algo20240806134156; 38=15350; 60=2024-08-06-13:41:58; 6=0.0; 14=6140; 37=algo20240806134156; 10=252;
8=FIX4.4; 35=8; 34=137; 49=MS; 56=MTHREE; 52=2024-08-06-13:41:58; 151=6140; 55=WBAI; 11=C_algo20240806134156; 31=0; 150=4; 39=4; 54=1; 17=exec20240806134158; 32=0; 41=algo20240806134156; 38=15350; 60=2024-08-06-13:41:58; 6=0.0; 14=6140; 37=algo20240806134156; 10=252;
8=FIX4.4; 35=D; 34=88; 49=MTHREE; 56=MS; 52=2024-08-06-13:42:00; 55=WUBA; 40=2; 38=32614; 21=2; 11=algo20240806134200; 60=2024-08-06-13:42:00; 54=1; 44=51.41; 10=0252;
8=FIX4.4; 35=8; 34=139; 49=MS; 56=MTHREE; 52=2024-08-06-13:42:00; 55=WUBA; 40=2; 11=algo20240806134200; 31=51.41; 150=0; 39=0; 54=1; 44=51.41; 32=0; 17=exec20240806134200; 38=32614; 60=2024-08-06-13:42:00; 6=0; 14=0; 37=algo20240806134200; 10=200;
8=FIX4.4; 35=8; 34=140; 49=MS; 56=MTHREE; 52=2024-08-06-13:42:01; 55=WUBA; 40=2; 11=algo20240806134200; 31=51.41; 150=2; 39=2; 54=1; 44=51.41; 32=32614; 17=exec20240806134201; 38=32614; 60=2024-08-06-13:42:01; 6=51.41; 14=32614; 37=algo20240806134200; 10=246;
8=FIX4.4; 35=D; 34=89; 49=MTHREE; 56=MS; 52=2024-08-06-13:42:01; 55=EGHT; 40=2; 38=7115; 21=2; 11=algo20240806134201; 60=2024-08-06-13:42:01; 54=2; 44=17.03; 10=0252;
8=FIX4.4; 35=8; 34=141; 49=MS; 56=MTHREE; 52=2024-08-06-13:42:01; 55=EGHT; 40=2; 11=algo20240806134201; 31=17.03; 150=0; 39=0; 54=2; 44=17.03; 32=0; 17=exec20240806134201; 38=7115; 60=2024-08-06-13:42:01; 6=0; 14=0; 37=algo20240806134201; 10=200;
8=FIX4.4; 35=F; 34=89; 49=MTHREE; 56=MS; 52=2024-08-06-13:42:01; 41=algo20240806134201; 55=EGHT; 38=7115; 11=C_algo20240806134201; 60=2024-08-06-13:42:01; 10=060;
8=FIX4.4; 35=8; 34=141; 49=MS; 56=MTHREE; 52=2024-08-06-13:42:01; 55=EGHT; 11=C_algo20240806134201; 31=0; 150=6; 39=6; 54=2; 44=17.03; 17=exec20240806134201; 32=0; 41=algo20240806134201; 38=7115; 60=2024-08-06-13:42:01; 6=0.0; 14=0; 37=algo20240806134201; 10=252;
8=FIX4.4; 35=8; 34=142; 49=MS; 56=MTHREE; 52=2024-08-06-13:42:01; 151=5337; 55=EGHT; 11=C_algo20240806134201; 31=0; 150=4; 39=4; 54=2; 17=exec20240806134201; 32=0; 41=algo20240806134201; 38=7115; 60=2024-08-06-13:42:01; 6=0.0; 14=0; 37=algo20240806134201; 10=252;
8=FIX4.4; 35=D; 34=91; 49=MTHREE; 56=MS; 52=2024-08-06-13:42:03; 55=AHC; 40=2; 38=17110; 21=2; 11=algo20240806134203; 60=2024-08-06-13:42:03; 54=2; 44=1.40; 10=0252;
8=FIX4.4; 35=8; 34=144; 49=MS; 56=MTHREE; 52=2024-08-06-13:42:03; 55=AHC; 40=2; 11=algo20240806134203; 31=1.40; 150=0; 39=0; 54=2; 44=1.40; 32=0; 17=exec20240806134203; 38=17110; 60=2024-08-06-13:42:03; 6=0; 14=0; 37=algo20240806134203; 10=200;
8=FIX4.4; 35=F; 34=91; 49=MTHREE; 56=MS; 52=2024-08-06-13:42:03; 41=algo20240806134203; 55=AHC; 38=17110; 11=C_algo20240806134203; 60=2024-08-06-13:42:03; 10=060;
8=FIX4.4; 35=8; 34=144; 49=MS; 56=MTHREE; 52=2024-08-06-13:42:03; 55=AHC; 11=C_algo20240806134203; 31=0; 150=6; 39=6; 54=2; 44=1.40; 17=exec20240806134203; 32=0; 41=algo20240806134203; 38=17110; 60=2024-08-06-13:42:03; 6=0.0; 14=0; 37=algo20240806134203; 10=252;
8=FIX4.4; 35=8; 34=145; 49=MS; 56=MTHREE; 52=2024-08-06-13:42:03; 151=12833; 55=AHC; 11=C_algo20240806134203; 31=0; 150=4; 39=4; 54=2; 17=exec20240806134203; 32=0; 41=algo20240806134203; 38=17110; 60=2024-08-06-13:42:03; 6=0.0; 14=0; 37=algo20240806134203; 10=252;
8=FIX4.4; 35=D; 34=93; 49=MTHREE; 56=MS; 52=2024-08-06-13:42:05; 55=AOS; 40=2; 38=27104; 21=2; 11=algo20240806134205; 60=2024-08-06-13:42:05; 54=1; 44=40.38; 10=0252;
8=FIX4.4; 35=8; 34=147; 49=MS; 56=MTHREE; 52=2024-08-06-13:42:05; 55=AOS; 40=2; 11=algo20240806134205; 31=40.38; 150=0; 39=0; 54=1; 44=40.38; 32=0; 17=exec20240806134205; 38=27104; 60=2024-08-06-13:42:05; 6=0; 14=0; 37=algo20240806134205; 10=200;
8=FIX4.4; 35=8; 34=148; 49=MS; 56=MTHREE; 52=2024-08-06-13:42:05; 55=AOS; 40=2; 11=algo20240806134205; 31=40.38; 150=1; 39=1; 54=1; 44=40.38; 32=6776; 17=exec20240806134205; 38=27104; 60=2024-08-06-13:42:05; 6=40.38; 14=6776; 37=algo20240806134205; 10=240;
8=FIX4.4; 35=8; 34=149; 49=MS; 56=MTHREE; 52=2024-08-06-13:42:06; 55=AOS; 40=2; 11=algo20240806134205; 31=40.38; 150=1; 39=1; 54=1; 44=40.38; 32=6776; 17=exec20240806134206; 38=27104; 60=2024-08-06-13:42:06; 6=40.38; 14=13552; 37=algo20240806134205; 10=240;
8=FIX4.4; 35=8; 34=150; 49=MS; 56=MTHREE; 52=2024-08-06-13:42:07; 55=AOS; 40=2; 11=algo20240806134205; 31=40.38; 150=1; 39=1; 54=1; 44=40.38; 32=6776; 17=exec20240806134207; 38=27104; 60=2024-08-06-13:42:07; 6=40.38; 14=20328; 37=algo20240806134205; 10=240;
8=FIX4.4; 35=8; 34=151; 49=MS; 56=MTHREE; 52=2024-08-06-13:42:09; 55=AOS; 40=2; 11=algo20240806134205; 31=40.38; 150=2; 39=2; 54=1; 44=40.38; 32=6776; 17=exec20240806134209; 38=27104; 60=2024-08-06-13:42:09; 6=40.38; 14=27104; 37=algo20240806134205; 10=246;
8=FIX4.4; 35=D; 34=94; 49=MTHREE; 56=MS; 52=2024-08-06-13:42:09; 55=ATEN; 40=2; 38=11600; 21=2; 11=algo20240806134209; 60=2024-08-06-13:42:09; 54=1; 44=6.45; 10=0252;
8=FIX4.4; 35=8; 34=152; 49=MS; 56=MTHREE; 52=2024-08-06-13:42:09; 55=ATEN; 40=2; 11=algo20240806134209; 31=6.45; 150=0; 39=0; 54=1; 44=6.45; 32=0; 17=exec20240806134209; 38=11600; 60=2024-08-06-13:42:09; 6=0; 14=0; 37=algo20240806134209; 10=200;
8=FIX4.4; 35=8; 34=153; 49=MS; 56=MTHREE; 52=2024-08-06-13:42:09; 55=ATEN; 40=2; 11=algo20240806134209; 31=6.45; 150=1; 39=1; 54=1; 44=6.45; 32=2320; 17=exec20240806134209; 38=11600; 60=2024-08-06-13:42:09; 6=6.45; 14=2320; 37=algo20240806134209; 10=240;
8=FIX4.4; 35=8; 34=154; 49=MS; 56=MTHREE; 52=2024-08-06-13:42:10; 55=ATEN; 40=2; 11=algo20240806134209; 31=6.45; 150=1; 39=1; 54=1; 44=6.45; 32=2320; 17=exec20240806134210; 38=11600; 60=2024-08-06-13:42:10; 6=6.45; 14=4640; 37=algo20240806134209; 10=240;
8=FIX4.4; 35=8; 34=155; 49=MS; 56=MTHREE; 52=2024-08-06-13:42:11; 55=ATEN; 40=2; 11=algo20240806134209; 31=6.45; 150=1; 39=1; 54=1; 44=6.45; 32=2320; 17=exec20240806134211; 38=11600; 60=2024-08-06-13:42:11; 6=6.45; 14=6960; 37=algo20240806134209; 10=240;
8=FIX4.4; 35=F; 34=94; 49=MTHREE; 56=MS; 52=2024-08-06-13:42:12; 41=algo20240806134209; 55=ATEN; 38=11600; 11=C_algo20240806134209; 60=2024-08-06-13:42:12; 10=060;
8=FIX4.4; 35=8; 34=155; 49=MS; 56=MTHREE; 52=2024-08-06-13:42:12; 55=ATEN; 11=C_algo20240806134209; 31=0; 150=6; 39=6; 54=1; 44=6.45; 17=exec20240806134212; 32=0; 41=algo20240806134209; 38=11600; 60=2024-08-06-13:42:12; 6=0.0; 14=6960; 37=algo20240806134209; 10=252;
8=FIX4.4; 35=8; 34=156; 49=MS; 56=MTHREE; 52=2024-08-06-13:42:12; 151=2320; 55=ATEN; 11=C_algo20240806134209; 31=0; 150=4; 39=4; 54=1; 17=exec20240806134212; 32=0; 41=algo20240806134209; 38=11600; 60=2024-08-06-13:42:12; 6=0.0; 14=6960; 37=algo20240806134209; 10=252;
8=FIX4.4; 35=D; 34=96; 49=MTHREE; 56=MS; 52=2024-08-06-13:42:14; 55=AIR; 40=2; 38=31589; 21=2; 11=algo20240806134214; 60=2024-08-06-13:42:14; 54=2; 44=16.31; 10=0252;
8=FIX4.4; 35=8; 34=158; 49=MS; 56=MTHREE; 52=2024-08-06-13:42:14; 55=AIR; 40=2; 11=algo20240806134214; 31=16.31; 150=0; 39=0; 54=2; 44=16.31; 32=0; 17=exec20240806134214; 38=31589; 60=2024-08-06-13:42:14; 6=0; 14=0; 37=algo20240806134214; 10=200;
8=FIX4.4; 35=F; 34=96; 49=MTHREE; 56=MS; 52=2024-08-06-13:42:14; 41=algo20240806134214; 55=AIR; 38=31589; 11=C_algo20240806134214; 60=2024-08-06-13:42:14; 10=060;
8=FIX4.4; 35=8; 34=158; 49=MS; 56=MTHREE; 52=2024-08-06-13:42:14; 55=AIR; 11=C_algo20240806134214; 31=0; 150=6; 39=6; 54=2; 44=16.31; 17=exec20240806134214; 32=0; 41=algo20240806134214; 38=31589; 60=2024-08-06-13:42:14; 6=0.0; 14=0; 37=algo20240806134214; 10=252;
8=FIX4.4; 35=8; 34=159; 49=MS; 56=MTHREE; 52=2024-08-06-13:42:14; 151=23692; 55=AIR; 11=C_algo20240806134214; 31=0; 150=4; 39=4; 54=2; 17=exec20240806134214; 32=0; 41=algo20240806134214; 38=31589; 60=2024-08-06-13:42:14; 6=0.0; 14=0; 37=algo20240806134214; 10=252;
8=FIX4.4; 35=D; 34=98; 49=MTHREE; 56=MS; 52=2024-08-06-13:42:16; 55=AAN; 40=2; 38=8816; 21=2; 11=algo20240806134216; 60=2024-08-06-13:42:16; 54=1; 44=25.68; 10=0252;
8=FIX4.4; 35=8; 34=161; 49=MS; 56=MTHREE; 52=2024-08-06-13:42:16; 55=AAN; 40=2; 11=algo20240806134216; 31=25.68; 150=0; 39=0; 54=1; 44=25.68; 32=0; 17=exec20240806134216; 38=8816; 60=2024-08-06-13:42:16; 6=0; 14=0; 37=algo20240806134216; 10=200;
8=FIX4.4; 35=8; 34=162; 49=MS; 56=MTHREE; 52=2024-08-06-13:42:17; 55=AAN; 40=2; 11=algo20240806134216; 31=25.68; 150=2; 39=2; 54=1; 44=25.68; 32=8816; 17=exec20240806134217; 38=8816; 60=2024-08-06-13:42:17; 6=25.68; 14=8816; 37=algo20240806134216; 10=246;
8=FIX4.4; 35=D; 34=99; 49=MTHREE; 56=MS; 52=2024-08-06-13:42:17; 55=ABB; 40=2; 38=155; 21=2; 11=algo20240806134217; 60=2024-08-06-13:42:17; 54=2; 44=17.42; 10=0252;
8=FIX4.4; 35=8; 34=163; 49=MS; 56=MTHREE; 52=2024-08-06-13:42:17; 55=ABB; 40=2; 11=algo20240806134217; 31=17.42; 150=0; 39=0; 54=2; 44=17.42; 32=0; 17=exec20240806134217; 38=155; 60=2024-08-06-13:42:17; 6=0; 14=0; 37=algo20240806134217; 10=200;
8=FIX4.4; 35=F; 34=99; 49=MTHREE; 56=MS; 52=2024-08-06-13:42:17; 41=algo20240806134217; 55=ABB; 38=155; 11=C_algo20240806134217; 60=2024-08-06-13:42:17; 10=060;
8=FIX4.4; 35=8; 34=163; 49=MS; 56=MTHREE; 52=2024-08-06-13:42:17; 55=ABB; 11=C_algo20240806134217; 31=0; 150=6; 39=6; 54=2; 44=17.42; 17=exec20240806134217; 32=0; 41=algo20240806134217; 38=155; 60=2024-08-06-13:42:17; 6=0.0; 14=0; 37=algo20240806134217; 10=252;
8=FIX4.4; 35=8; 34=164; 49=MS; 56=MTHREE; 52=2024-08-06-13:42:17; 151=124; 55=ABB; 11=C_algo20240806134217; 31=0; 150=4; 39=4; 54=2; 17=exec20240806134217; 32=0; 41=algo20240806134217; 38=155; 60=2024-08-06-13:42:17; 6=0.0; 14=0; 37=algo20240806134217; 10=252;
8=FIX4.4; 35=D; 34=101; 49=MTHREE; 56=MS; 52=2024-08-06-13:42:20; 55=ABT; 40=2; 38=26988; 21=2; 11=algo20240806134220; 60=2024-08-06-13:42:20; 54=1; 44=94.04; 10=0252;
8=FIX4.4; 35=8; 34=166; 49=MS; 56=MTHREE; 52=2024-08-06-13:42:20; 55=ABT; 40=2; 11=algo20240806134220; 31=94.04; 150=0; 39=0; 54=1; 44=94.04; 32=0; 17=exec20240806134220; 38=26988; 60=2024-08-06-13:42:20; 6=0; 14=0; 37=algo20240806134220; 10=200;
8=FIX4.4; 35=8; 34=167; 49=MS; 56=MTHREE; 52=2024-08-06-13:42:20; 55=ABT; 40=2; 11=algo20240806134220; 31=94.04; 150=1; 39=1; 54=1; 44=94.04; 32=8996; 17=exec20240806134220; 38=26988; 60=2024-08-06-13:42:20; 6=94.04; 14=8996; 37=algo20240806134220; 10=240;
8=FIX4.4; 35=8; 34=168; 49=MS; 56=MTHREE; 52=2024-08-06-13:42:21; 55=ABT; 40=2; 11=algo20240806134220; 31=94.04; 150=1; 39=1; 54=1; 44=94.04; 32=8996; 17=exec20240806134221; 38=26988; 60=2024-08-06-13:42:21; 6=94.04; 14=17992; 37=algo20240806134220; 10=240;
8=FIX4.4; 35=8; 34=169; 49=MS; 56=MTHREE; 52=2024-08-06-13:42:23; 55=ABT; 40=2; 11=algo20240806134220; 31=94.04; 150=2; 39=2; 54=1; 44=94.04; 32=8996; 17=exec20240806134223; 38=26988; 60=2024-08-06-13:42:23; 6=94.04; 14=26988; 37=algo20240806134220; 10=246;
8=FIX4.4; 35=D; 34=102; 49=MTHREE; 56=MS; 52=2024-08-06-13:42:23; 55=ABBV; 40=2; 38=7850; 21=2; 11=algo20240806134223; 60=2024-08-06-13:42:23; 54=2; 44=83.60; 10=0252;
8=FIX4.4; 35=8; 34=170; 49=MS; 56=MTHREE; 52=2024-08-06-13:42:23; 55=ABBV; 40=2; 11=algo20240806134223; 31=83.60; 150=0; 39=0; 54=2; 44=83.60; 32=0; 17=exec20240806134223; 38=7850; 60=2024-08-06-13:42:23; 6=0; 14=0; 37=algo20240806134223; 10=200;
8=FIX4.4; 35=F; 34=102; 49=MTHREE; 56=MS; 52=2024-08-06-13:42:23; 41=algo20240806134223; 55=ABBV; 38=7850; 11=C_algo20240806134223; 60=2024-08-06-13:42:23; 10=060;
8=FIX4.4; 35=8; 34=170; 49=MS; 56=MTHREE; 52=2024-08-06-13:42:23; 55=ABBV; 11=C_algo20240806134223; 31=0; 150=6; 39=6; 54=2; 44=83.60; 17=exec20240806134223; 32=0; 41=algo20240806134223; 38=7850; 60=2024-08-06-13:42:23; 6=0.0; 14=0; 37=algo20240806134223; 10=252;
8=FIX4.4; 35=8; 34=171; 49=MS; 56=MTHREE; 52=2024-08-06-13:42:23; 151=5888; 55=ABBV; 11=C_algo20240806134223; 31=0; 150=4; 39=4; 54=2; 17=exec20240806134223; 32=0; 41=algo20240806134223; 38=7850; 60=2024-08-06-13:42:23; 6=0.0; 14=0; 37=algo20240806134223; 10=252;
8=FIX4.4; 35=D; 34=104; 49=MTHREE; 56=MS; 52=2024-08-06-13:42:25; 55=ANF; 40=2; 38=17844; 21=2; 11=algo20240806134225; 60=2024-08-06-13:42:25; 54=1; 44=9.10; 10=0252;
8=FIX4.4; 35=8; 34=173; 49=MS; 56=MTHREE; 52=2024-08-06-13:42:25; 55=ANF; 40=2; 11=algo20240806134225; 31=9.10; 150=0; 39=0; 54=1; 44=9.10; 32=0; 17=exec20240806134225; 38=17844; 60=2024-08-06-13:42:25; 6=0; 14=0; 37=algo20240806134225; 10=200;
8=FIX4.4; 35=8; 34=174; 49=MS; 56=MTHREE; 52=2024-08-06-13:42:25; 55=ANF; 40=2; 11=algo20240806134225; 31=9.10; 150=1; 39=1; 54=1; 44=9.10; 32=4461; 17=exec20240806134225; 38=17844; 60=2024-08-06-13:42:25; 6=9.10; 14=4461; 37=algo20240806134225; 10=240;
8=FIX4.4; 35=8; 34=175; 49=MS; 56=MTHREE; 52=2024-08-06-13:42:26; 55=ANF; 40=2; 11=algo20240806134225; 31=9.10; 150=1; 39=1; 54=1; 44=9.10; 32=4461; 17=exec20240806134226; 38=17844; 60=2024-08-06-13:42:26; 6=9.10; 14=8922; 37=algo20240806134225; 10=240;
8=FIX4.4; 35=8; 34=176; 49=MS; 56=MTHREE; 52=2024-08-06-13:42:27; 55=ANF; 40=2; 11=algo20240806134225; 31=9.10; 150=1; 39=1; 54=1; 44=9.10; 32=4461; 17=exec20240806134227; 38=17844; 60=2024-08-06-13:42:27; 6=9.10; 14=13383; 37=algo20240806134225; 10=240;
8=FIX4.4; 35=8; 34=177; 49=MS; 56=MTHREE; 52=2024-08-06-13:42:29; 55=ANF; 40=2; 11=algo20240806134225; 31=9.10; 150=2; 39=2; 54=1; 44=9.10; 32=4461; 17=exec20240806134229; 38=17844; 60=2024-08-06-13:42:29; 6=9.10; 14=17844; 37=algo20240806134225; 10=246;
8=FIX4.4; 35=D; 34=105; 49=MTHREE; 56=MS; 52=2024-08-06-13:42:29; 55=ABM; 40=2; 38=2340; 21=2; 11=algo20240806134229; 60=2024-08-06-13:42:29; 54=1; 44=31.64; 10=0252;
8=FIX4.4; 35=8; 34=178; 49=MS; 56=MTHREE; 52=2024-08-06-13:42:29; 55=ABM; 40=2; 11=algo20240806134229; 31=31.64; 150=0; 39=0; 54=1; 44=31.64; 32=0; 17=exec20240806134229; 38=2340; 60=2024-08-06-13:42:29; 6=0; 14=0; 37=algo20240806134229; 10=200;
8=FIX4.4; 35=8; 34=179; 49=MS; 56=MTHREE; 52=2024-08-06-13:42:29; 55=ABM; 40=2; 11=algo20240806134229; 31=31.64; 150=1; 39=1; 54=1; 44=31.64; 32=468; 17=exec20240806134229; 38=2340; 60=2024-08-06-13:42:29; 6=31.64; 14=468; 37=algo20240806134229; 10=240;
8=FIX4.4; 35=8; 34=180; 49=MS; 56=MTHREE; 52=2024-08-06-13:42:30; 55=ABM; 40=2; 11=algo20240806134229; 31=31.64; 150=1; 39=1; 54=1; 44=31.64; 32=468; 17=exec20240806134230; 38=2340; 60=2024-08-06-13:42:30; 6=31.64; 14=936; 37=algo20240806134229; 10=240;
8=FIX4.4; 35=8; 34=181; 49=MS; 56=MTHREE; 52=2024-08-06-13:42:31; 55=ABM; 40=2; 11=algo20240806134229; 31=31.64; 150=1; 39=1; 54=1; 44=31.64; 32=468; 17=exec20240806134231; 38=2340; 60=2024-08-06-13:42:31; 6=31.64; 14=1404; 37=algo20240806134229; 10=240;
8=FIX4.4; 35=F; 34=105; 49=MTHREE; 56=MS; 52=2024-08-06-13:42:32; 41=algo20240806134229; 55=ABM; 38=2340; 11=C_algo20240806134229; 60=2024-08-06-13:42:32; 10=060;
8=FIX4.4; 35=8; 34=181; 49=MS; 56=MTHREE; 52=2024-08-06-13:42:32; 55=ABM; 11=C_algo20240806134229; 31=0; 150=6; 39=6; 54=1; 44=31.64; 17=exec20240806134232; 32=0; 41=algo20240806134229; 38=2340; 60=2024-08-06-13:42:32; 6=0.0; 14=1404; 37=algo20240806134229; 10=252;
8=FIX4.4; 35=8; 34=182; 49=MS; 56=MTHREE; 52=2024-08-06-13:42:32; 151=468; 55=ABM; 11=C_algo20240806134229; 31=0; 150=4; 39=4; 54=1; 17=exec20240806134232; 32=0; 41=algo20240806134229; 38=2340; 60=2024-08-06-13:42:32; 6=0.0; 14=1404; 37=algo20240806134229; 10=252;
8=FIX4.4; 35=D; 34=107; 49=MTHREE; 56=MS; 52=2024-08-06-13:42:34; 55=AAPL; 40=2; 38=22329; 21=2; 11=algo20240806134234; 60=2024-08-06-13:42:34; 54=2; 44=284.65; 10=0252;
8=FIX4.4; 35=8; 34=184; 49=MS; 56=MTHREE; 52=2024-08-06-13:42:34; 55=AAPL; 40=2; 11=algo20240806134234; 31=284.65; 150=0; 39=0; 54=2; 44=284.65; 32=0; 17=exec20240806134234; 38=22329; 60=2024-08-06-13:42:34; 6=0; 14=0; 37=algo20240806134234; 10=200;
8=FIX4.4; 35=F; 34=107; 49=MTHREE; 56=MS; 52=2024-08-06-13:42:34; 41=algo20240806134234; 55=AAPL; 38=22329; 11=C_algo20240806134234; 60=2024-08-06-13:42:34; 10=060;
8=FIX4.4; 35=8; 34=184; 49=MS; 56=MTHREE; 52=2024-08-06-13:42:34; 55=AAPL; 11=C_algo20240806134234; 31=0; 150=6; 39=6; 54=2; 44=284.65; 17=exec20240806134234; 32=0; 41=algo20240806134234; 38=22329; 60=2024-08-06-13:42:34; 6=0.0; 14=0; 37=algo20240806134234; 10=252;
8=FIX4.4; 35=8; 34=185; 49=MS; 56=MTHREE; 52=2024-08-06-13:42:34; 151=16747; 55=AAPL; 11=C_algo20240806134234; 31=0; 150=4; 39=4; 54=2; 17=exec20240806134234; 32=0; 41=algo20240806134234; 38=22329; 60=2024-08-06-13:42:34; 6=0.0; 14=0; 37=algo20240806134234; 10=252;
8=FIX4.4; 35=D; 34=109; 49=MTHREE; 56=MS; 52=2024-08-06-13:42:36; 55=PEP; 40=2; 38=32324; 21=2; 11=algo20240806134236; 60=2024-08-06-13:42:36; 54=1; 44=45.43; 10=0252;
8=FIX4.4; 35=8; 34=187; 49=MS; 56=MTHREE; 52=2024-08-06-13:42:36; 55=PEP; 40=2; 11=algo20240806134236; 31=45.43; 150=0; 39=0; 54=1; 44=45.43; 32=0; 17=exec20240806134236; 38=32324; 60=2024-08-06-13:42:36; 6=0; 14=0; 37=algo20240806134236; 10=200;
8=FIX4.4; 35=8; 34=188; 49=MS; 56=MTHREE; 52=2024-08-06-13:42:37; 55=PEP; 40=2; 11=algo20240806134236; 31=45.43; 150=2; 39=2; 54=1; 44=45.43; 32=32324; 17=exec20240806134237; 38=32324; 60=2024-08-06-13:42:37; 6=45.43; 14=32324; 37=algo20240806134236; 10=246;
8=FIX4.4; 35=D; 34=110; 49=MTHREE; 56=MS; 52=2024-08-06-13:42:37; 55=; 40=2; 38=6825; 21=2; 11=algo20240806134237; 60=2024-08-06-13:42:37; 54=2; 44=; 10=0252;
8=FIX4.4; 35=8; 34=189; 49=MS; 56=MTHREE; 52=2024-08-06-13:42:37; 55=; 40=2; 11=algo20240806134237; 31=; 150=0; 39=0; 54=2; 44=; 32=0; 17=exec20240806134237; 38=6825; 60=2024-08-06-13:42:37; 6=0; 14=0; 37=algo20240806134237; 10=200;
8=FIX4.4; 35=F; 34=110; 49=MTHREE; 56=MS; 52=2024-08-06-13:42:37; 41=algo20240806134237; 55=; 38=6825; 11=C_algo20240806134237; 60=2024-08-06-13:42:37; 10=060;
8=FIX4.4; 35=8; 34=189; 49=MS; 56=MTHREE; 52=2024-08-06-13:42:37; 55=; 11=C_algo20240806134237; 31=0; 150=6; 39=6; 54=2; 44=; 17=exec20240806134237; 32=0; 41=algo20240806134237; 38=6825; 60=2024-08-06-13:42:37; 6=0.0; 14=0; 37=algo20240806134237; 10=252;
8=FIX4.4; 35=8; 34=190; 49=MS; 56=MTHREE; 52=2024-08-06-13:42:37; 151=5460; 55=; 11=C_algo20240806134237; 31=0; 150=4; 39=4; 54=2; 17=exec20240806134237; 32=0; 41=algo20240806134237; 38=6825; 60=2024-08-06-13:42:37; 6=0.0; 14=0; 37=algo20240806134237; 10=252;
