8=FIX4.4,35=D,34=52,49=M3,56=MS,52=2024-08-06-13:40:55,55=AAPL,40=2,38=9937,21=2,11=algo20240806134055,60=2024-08-06-13:40:55,54=1,44=1276.37,10=0252,
8=FIX4.4,35=D,34=53,49=M3,56=MS,52=2024-08-06-13:40:56,55=MSFT,40=2,38=17206,21=2,11=algo20240806134056,60=2024-08-06-13:40:56,54=2,44=59.89,10=0252,
8=FIX4.4,35=D,34=54,49=M3,56=MS,52=2024-08-06-13:41:01,55=AMZN,40=2,38=21265,21=2,11=algo20240806134101,60=2024-08-06-13:41:01,54=2,44=133.47,10=0252,
8=FIX4.4,35=D,34=56,49=M3,56=MS,52=2024-08-06-13:41:03,55=FB,40=2,38=31260,21=2,11=algo20240806134103,60=2024-08-06-13:41:03,54=1,44=430.62,10=0252,
8=FIX4.4,35=D,34=57,49=M3,56=MS,52=2024-08-06-13:41:09,55=GOOG,40=2,38=2552,21=2,11=algo20240806134109,60=2024-08-06-13:41:09,54=1,44=42.05,10=0252,
8=FIX4.4,35=D,34=58,49=M3,56=MS,52=2024-08-06-13:41:11,55=GOOGL,40=2,38=31202,21=2,11=algo20240806134111,60=2024-08-06-13:41:11,54=1,44=289.20,10=0252,
8=FIX4.4,35=D,34=59,49=M3,56=MS,52=2024-08-06-13:41:13,55=INTC,40=2,38=25267,21=2,11=algo20240806134113,60=2024-08-06-13:41:13,54=2,44=339.13,10=0252,
8=FIX4.4,35=D,34=61,49=M3,56=MS,52=2024-08-06-13:41:15,55=PEP,40=2,38=21150,21=2,11=algo20240806134115,60=2024-08-06-13:41:15,54=2,44=36.21,10=0252,
8=FIX4.4,35=D,34=63,49=M3,56=MS,52=2024-08-06-13:41:17,55=NFLX,40=2,38=31144,21=2,11=algo20240806134117,60=2024-08-06-13:41:17,54=1,44=306.71,10=0252,
8=FIX4.4,35=D,34=65,49=M3,56=MS,52=2024-08-06-13:41:20,55=CSCO,40=2,38=12914,21=2,11=algo20240806134120,60=2024-08-06-13:41:20,54=1,44=233.73,10=0252,
8=FIX4.4,35=D,34=66,49=M3,56=MS,52=2024-08-06-13:41:24,55=AMGN,40=2,38=13339,21=2,11=algo20240806134124,60=2024-08-06-13:41:24,54=2,44=116.62,10=0252,
8=FIX4.4,35=D,34=68,49=M3,56=MS,52=2024-08-06-13:41:26,55=PYPL,40=2,38=23334,21=2,11=algo20240806134126,60=2024-08-06-13:41:26,54=1,44=723.61,10=0252,
8=FIX4.4,35=D,34=70,49=M3,56=MS,52=2024-08-06-13:41:29,55=TSLA,40=2,38=4195,21=2,11=algo20240806134129,60=2024-08-06-13:41:29,54=2,44=503.77,10=0252,
8=FIX4.4,35=D,34=72,49=M3,56=MS,52=2024-08-06-13:41:31,55=TXN,40=2,38=14190,21=2,11=algo20240806134131,60=2024-08-06-13:41:31,54=1,44=112.46,10=0252,
8=FIX4.4,35=D,34=73,49=M3,56=MS,52=2024-08-06-13:41:36,55=AVGO,40=2,38=1412,21=2,11=algo20240806134136,60=2024-08-06-13:41:36,54=2,44=262.99,10=0252,
8=FIX4.4,35=D,34=74,49=M3,56=MS,52=2024-08-06-13:41:37,55=GILD,40=2,38=8681,21=2,11=algo20240806134137,60=2024-08-06-13:41:37,54=1,44=82.91,10=0252,
8=FIX4.4,35=D,34=76,49=M3,56=MS,52=2024-08-06-13:41:40,55=SBUX,40=2,38=5471,21=2,11=algo20240806134140,60=2024-08-06-13:41:40,54=2,44=75.71,10=0252,
8=FIX4.4,35=D,34=77,49=M3,56=MS,52=2024-08-06-13:41:42,55=QCOM,40=2,38=29579,21=2,11=algo20240806134142,60=2024-08-06-13:41:42,54=1,44=75.47,10=0252,
8=FIX4.4,35=D,34=79,49=M3,56=MS,52=2024-08-06-13:41:45,55=TMUS,40=2,38=26370,21=2,11=algo20240806134145,60=2024-08-06-13:41:45,54=2,44=90.74,10=0252,
8=FIX4.4,35=D,34=81,49=M3,56=MS,52=2024-08-06-13:41:47,55=MDLZ,40=2,38=3596,21=2,11=algo20240806134147,60=2024-08-06-13:41:47,54=1,44=52.26,10=0252,
8=FIX4.4,35=D,34=82,49=M3,56=MS,52=2024-08-06-13:41:48,55=BAC,40=2,38=10865,21=2,11=algo20240806134148,60=2024-08-06-13:41:48,54=2,44=22.03,10=0252,
8=FIX4.4,35=D,34=84,49=M3,56=MS,52=2024-08-06-13:41:50,55=DDD,40=2,38=20860,21=2,11=algo20240806134150,60=2024-08-06-13:41:50,54=1,44=8.01,10=0252,
8=FIX4.4,35=D,34=85,49=M3,56=MS,52=2024-08-06-13:41:55,55=MMM,40=2,38=8081,21=2,11=algo20240806134155,60=2024-08-06-13:41:55,54=2,44=146.98,10=0252,
8=FIX4.4,35=D,34=86,49=M3,56=MS,52=2024-08-06-13:41:56,55=WBAI,40=2,38=15350,21=2,11=algo20240806134156,60=2024-08-06-13:41:56,54=1,44=4.10,10=0252,
8=FIX4.4,35=D,34=88,49=M3,56=MS,52=2024-08-06-13:42:00,55=WUBA,40=2,38=32614,21=2,11=algo20240806134200,60=2024-08-06-13:42:00,54=1,44=51.41,10=0252,
8=FIX4.4,35=D,34=89,49=M3,56=MS,52=2024-08-06-13:42:01,55=EGHT,40=2,38=7115,21=2,11=algo20240806134201,60=2024-08-06-13:42:01,54=2,44=17.03,10=0252,
8=FIX4.4,35=D,34=91,49=M3,56=MS,52=2024-08-06-13:42:03,55=AHC,40=2,38=17110,21=2,11=algo20240806134203,60=2024-08-06-13:42:03,54=2,44=1.40,10=0252,
8=FIX4.4,35=D,34=93,49=M3,56=MS,52=2024-08-06-13:42:05,55=AOS,40=2,38=27104,21=2,11=algo20240806134205,60=2024-08-06-13:42:05,54=1,44=40.38,10=0252,
8=FIX4.4,35=D,34=94,49=M3,56=MS,52=2024-08-06-13:42:09,55=ATEN,40=2,38=11600,21=2,11=algo20240806134209,60=2024-08-06-13:42:09,54=1,44=6.45,10=0252,
8=FIX4.4,35=D,34=96,49=M3,56=MS,52=2024-08-06-13:42:14,55=AIR,40=2,38=31589,21=2,11=algo20240806134214,60=2024-08-06-13:42:14,54=2,44=16.31,10=0252,
8=FIX4.4,35=D,34=98,49=M3,56=MS,52=2024-08-06-13:42:16,55=AAN,40=2,38=8816,21=2,11=algo20240806134216,60=2024-08-06-13:42:16,54=1,44=25.68,10=0252,
8=FIX4.4,35=D,34=99,49=M3,56=MS,52=2024-08-06-13:42:17,55=ABB,40=2,38=155,21=2,11=algo20240806134217,60=2024-08-06-13:42:17,54=2,44=17.42,10=0252,
8=FIX4.4,35=D,34=101,49=M3,56=MS,52=2024-08-06-13:42:20,55=ABT,40=2,38=26988,21=2,11=algo20240806134220,60=2024-08-06-13:42:20,54=1,44=94.04,10=0252,
8=FIX4.4,35=D,34=102,49=M3,56=MS,52=2024-08-06-13:42:23,55=ABBV,40=2,38=7850,21=2,11=algo20240806134223,60=2024-08-06-13:42:23,54=2,44=83.60,10=0252,
8=FIX4.4,35=D,34=104,49=M3,56=MS,52=2024-08-06-13:42:25,55=ANF,40=2,38=17844,21=2,11=algo20240806134225,60=2024-08-06-13:42:25,54=1,44=9.10,10=0252,
8=FIX4.4,35=D,34=105,49=M3,56=MS,52=2024-08-06-13:42:29,55=ABM,40=2,38=2340,21=2,11=algo20240806134229,60=2024-08-06-13:42:29,54=1,44=31.64,10=0252,
8=FIX4.4,35=D,34=107,49=M3,56=MS,52=2024-08-06-13:42:34,55=AAPL,40=2,38=22329,21=2,11=algo20240806134234,60=2024-08-06-13:42:34,54=2,44=284.65,10=0252,
8=FIX4.4,35=D,34=109,49=M3,56=MS,52=2024-08-06-13:42:36,55=PEP,40=2,38=32324,21=2,11=algo20240806134236,60=2024-08-06-13:42:36,54=1,44=45.43,10=0252,
8=FIX4.4,35=D,34=110,49=M3,56=MS,52=2024-08-06-13:42:37,55=,40=2,38=6825,21=2,11=algo20240806134237,60=2024-08-06-13:42:37,54=2,44=,10=0252,


8=FIX4.4,35=D,34=52,49=M3,56=MS,52=2024-08-06-13:40:55,55=AAPL,40=2,38=9937,21=2,11=algo20240806134055,60=2024-08-06-13:40:55,54=1,44=1276.37,10=0252,

8=FIX4.4,35=D,34=57,49=M3,56=MS,52=2024-08-06-13:41:09,55=GOOG,40=2,38=2552,21=2,11=algo20240806134109,60=2024-08-06-13:41:09,54=1,44=42.05,10=0252,

